TN:
SF:/Users/toraho/Documents/PU2017/kolabtest/PU-2017-Kolab/server.js
FN:25,(anonymous_0)
FN:34,(anonymous_1)
FN:45,(anonymous_2)
FN:52,(anonymous_3)
FN:64,(anonymous_4)
FN:75,(anonymous_5)
FN:84,(anonymous_6)
FN:93,(anonymous_7)
FN:102,(anonymous_8)
FN:111,(anonymous_9)
FN:120,(anonymous_10)
FN:132,randomString
FN:140,(anonymous_12)
FN:144,(anonymous_13)
FN:148,(anonymous_14)
FN:154,(anonymous_15)
FN:156,(anonymous_16)
FN:182,(anonymous_17)
FN:186,(anonymous_18)
FN:190,(anonymous_19)
FN:191,(anonymous_20)
FN:196,(anonymous_21)
FN:197,(anonymous_22)
FN:202,(anonymous_23)
FN:203,(anonymous_24)
FN:208,(anonymous_25)
FN:209,(anonymous_26)
FN:214,(anonymous_27)
FN:215,(anonymous_28)
FN:220,(anonymous_29)
FN:221,(anonymous_30)
FNF:31
FNH:10
FNDA:7,(anonymous_0)
FNDA:7,(anonymous_1)
FNDA:1,(anonymous_2)
FNDA:0,(anonymous_3)
FNDA:1,(anonymous_4)
FNDA:1,(anonymous_5)
FNDA:1,(anonymous_6)
FNDA:1,(anonymous_7)
FNDA:1,(anonymous_8)
FNDA:0,(anonymous_9)
FNDA:1,(anonymous_10)
FNDA:1,randomString
FNDA:0,(anonymous_12)
FNDA:0,(anonymous_13)
FNDA:0,(anonymous_14)
FNDA:0,(anonymous_15)
FNDA:0,(anonymous_16)
FNDA:0,(anonymous_17)
FNDA:0,(anonymous_18)
FNDA:0,(anonymous_19)
FNDA:0,(anonymous_20)
FNDA:0,(anonymous_21)
FNDA:0,(anonymous_22)
FNDA:0,(anonymous_23)
FNDA:0,(anonymous_24)
FNDA:0,(anonymous_25)
FNDA:0,(anonymous_26)
FNDA:0,(anonymous_27)
FNDA:0,(anonymous_28)
FNDA:0,(anonymous_29)
FNDA:0,(anonymous_30)
DA:1,1
DA:2,1
DA:3,1
DA:5,1
DA:6,1
DA:7,1
DA:8,1
DA:9,1
DA:12,1
DA:13,1
DA:15,1
DA:16,1
DA:20,1
DA:21,1
DA:22,1
DA:25,1
DA:26,7
DA:27,7
DA:28,7
DA:29,7
DA:30,7
DA:34,7
DA:35,7
DA:36,7
DA:37,7
DA:38,7
DA:39,7
DA:45,7
DA:46,1
DA:49,1
DA:52,1
DA:53,0
DA:54,0
DA:57,0
DA:61,1
DA:64,7
DA:65,1
DA:66,1
DA:67,1
DA:69,1
DA:72,1
DA:75,7
DA:76,1
DA:77,1
DA:78,1
DA:79,1
DA:80,1
DA:82,1
DA:84,7
DA:85,1
DA:86,1
DA:87,1
DA:88,1
DA:90,1
DA:93,7
DA:94,1
DA:95,1
DA:96,1
DA:97,1
DA:99,1
DA:102,7
DA:103,1
DA:104,1
DA:105,1
DA:106,1
DA:108,1
DA:111,7
DA:112,0
DA:113,0
DA:114,0
DA:115,0
DA:116,0
DA:120,7
DA:122,1
DA:124,1
DA:125,1
DA:133,1
DA:134,24
DA:135,1
DA:140,1
DA:141,0
DA:144,1
DA:145,0
DA:148,1
DA:149,0
DA:154,1
DA:155,0
DA:156,0
DA:157,0
DA:158,0
DA:161,0
DA:162,0
DA:182,1
DA:183,0
DA:184,0
DA:185,0
DA:186,0
DA:187,0
DA:190,1
DA:191,0
DA:192,0
DA:196,1
DA:197,0
DA:198,0
DA:202,1
DA:203,0
DA:204,0
DA:208,1
DA:209,0
DA:210,0
DA:214,1
DA:215,0
DA:216,0
DA:220,1
DA:221,0
DA:222,0
DA:226,1
DA:227,1
DA:229,1
LF:119
LH:85
BRDA:27,0,0,7
BRDA:27,0,1,0
BRDA:36,1,0,7
BRDA:36,1,1,0
BRDA:53,2,0,0
BRDA:53,2,1,0
BRDA:157,3,0,0
BRDA:157,3,1,0
BRDA:226,4,0,1
BRDA:226,4,1,1
BRF:10
BRH:4
end_of_record
