TN:
SF:/Users/toraho/Documents/PU2017/kolabtest/PU-2017-Kolab/server.js
FN:24,(anonymous_0)
FN:26,(anonymous_1)
FN:31,(anonymous_2)
FN:36,(anonymous_3)
FN:42,(anonymous_4)
FN:48,(anonymous_5)
FN:60,(anonymous_6)
FN:64,(anonymous_7)
FN:68,(anonymous_8)
FN:72,(anonymous_9)
FN:77,(anonymous_10)
FN:81,(anonymous_11)
FN:89,(anonymous_12)
FN:102,(anonymous_13)
FN:113,(anonymous_14)
FN:124,(anonymous_15)
FN:133,(anonymous_16)
FN:142,(anonymous_17)
FN:151,(anonymous_18)
FN:160,(anonymous_19)
FN:170,randomString
FN:178,(anonymous_21)
FN:182,(anonymous_22)
FN:186,(anonymous_23)
FN:192,(anonymous_24)
FN:194,(anonymous_25)
FN:205,(anonymous_26)
FN:209,(anonymous_27)
FN:213,(anonymous_28)
FN:214,(anonymous_29)
FN:221,(anonymous_30)
FN:222,(anonymous_31)
FNF:32
FNH:14
FNDA:6,(anonymous_0)
FNDA:0,(anonymous_1)
FNDA:1,(anonymous_2)
FNDA:1,(anonymous_3)
FNDA:0,(anonymous_4)
FNDA:0,(anonymous_5)
FNDA:1,(anonymous_6)
FNDA:1,(anonymous_7)
FNDA:1,(anonymous_8)
FNDA:1,(anonymous_9)
FNDA:1,(anonymous_10)
FNDA:0,(anonymous_11)
FNDA:0,(anonymous_12)
FNDA:0,(anonymous_13)
FNDA:1,(anonymous_14)
FNDA:1,(anonymous_15)
FNDA:1,(anonymous_16)
FNDA:1,(anonymous_17)
FNDA:1,(anonymous_18)
FNDA:0,(anonymous_19)
FNDA:1,randomString
FNDA:0,(anonymous_21)
FNDA:0,(anonymous_22)
FNDA:0,(anonymous_23)
FNDA:0,(anonymous_24)
FNDA:0,(anonymous_25)
FNDA:0,(anonymous_26)
FNDA:0,(anonymous_27)
FNDA:0,(anonymous_28)
FNDA:0,(anonymous_29)
FNDA:0,(anonymous_30)
FNDA:0,(anonymous_31)
DA:1,1
DA:2,1
DA:3,1
DA:7,1
DA:8,1
DA:9,1
DA:10,1
DA:13,1
DA:14,1
DA:18,1
DA:19,1
DA:24,1
DA:25,6
DA:26,6
DA:27,0
DA:28,0
DA:29,0
DA:31,6
DA:32,1
DA:36,6
DA:37,1
DA:38,1
DA:39,1
DA:42,6
DA:43,0
DA:48,0
DA:49,0
DA:50,0
DA:53,0
DA:57,0
DA:60,6
DA:61,1
DA:62,1
DA:64,6
DA:65,1
DA:66,1
DA:68,6
DA:69,1
DA:70,1
DA:72,6
DA:73,1
DA:74,1
DA:75,1
DA:77,6
DA:78,1
DA:79,1
DA:81,6
DA:82,0
DA:83,0
DA:89,6
DA:91,0
DA:93,0
DA:94,0
DA:102,6
DA:104,0
DA:106,0
DA:107,0
DA:113,6
DA:114,1
DA:115,0
DA:116,0
DA:118,0
DA:121,0
DA:124,6
DA:125,1
DA:126,0
DA:127,0
DA:128,0
DA:129,0
DA:131,0
DA:133,6
DA:134,1
DA:135,0
DA:136,0
DA:137,0
DA:139,0
DA:142,6
DA:143,1
DA:144,0
DA:145,0
DA:146,0
DA:148,0
DA:151,6
DA:152,1
DA:153,0
DA:154,0
DA:155,0
DA:157,0
DA:160,6
DA:161,0
DA:162,0
DA:163,0
DA:164,0
DA:171,1
DA:172,24
DA:173,1
DA:178,1
DA:179,0
DA:182,1
DA:183,0
DA:186,1
DA:187,0
DA:192,1
DA:193,0
DA:194,0
DA:195,0
DA:196,0
DA:199,0
DA:200,0
DA:205,1
DA:206,0
DA:207,0
DA:208,0
DA:209,0
DA:210,0
DA:213,1
DA:214,0
DA:215,0
DA:221,1
DA:222,0
DA:223,0
DA:229,1
DA:230,1
DA:232,1
LF:124
LH:64
BRDA:49,0,0,0
BRDA:49,0,1,0
BRDA:195,1,0,0
BRDA:195,1,1,0
BRDA:229,2,0,1
BRDA:229,2,1,1
BRF:6
BRH:2
end_of_record
